<?xml version="1.0" encoding="UTF-8"?>
<testsuite name="exercise1.models.CampaignInputTest" tests="2" skipped="0" failures="0" errors="0" timestamp="2019-03-31T04:31:18" hostname="GB-L-HV783N2.guiabolso.intra" time="0.183">
  <properties/>
  <testcase name="whenDeserializingUsingGsonDeserialize_thenCorrect" classname="exercise1.models.CampaignInputTest" time="0.044"/>
  <testcase name="whenDeserializingUsingJsonDeserialize_thenCorrect" classname="exercise1.models.CampaignInputTest" time="0.138"/>
  <system-out><![CDATA[]]></system-out>
  <system-err><![CDATA[]]></system-err>
</testsuite>
